[debug] [2026-03-07T19:49:18.028Z] ----------------------------------------------------------------------
[debug] [2026-03-07T19:49:18.031Z] Command:       C:\Program Files\nodejs\node.exe D:\Lijing\Documents\hack-canada-2026\node_modules\firebase-tools\lib\bin\firebase.js emulators:start --only functions
[debug] [2026-03-07T19:49:18.031Z] CLI Version:   15.9.0
[debug] [2026-03-07T19:49:18.032Z] Platform:      win32
[debug] [2026-03-07T19:49:18.032Z] Node Version:  v22.14.0
[debug] [2026-03-07T19:49:18.032Z] Time:          Sat Mar 07 2026 14:49:18 GMT-0500 (Eastern Standard Time)
[debug] [2026-03-07T19:49:18.032Z] ----------------------------------------------------------------------
[debug] 
[debug] [2026-03-07T19:49:21.176Z] > command requires scopes: ["email","openid","https://www.googleapis.com/auth/cloudplatformprojects.readonly","https://www.googleapis.com/auth/firebase","https://www.googleapis.com/auth/cloud-platform"]
[debug] [2026-03-07T19:49:21.176Z] > authorizing via signed-in user (justinnova0915@gmail.com)
[info] i  emulators: Starting emulators: functions {"metadata":{"emulator":{"name":"hub"},"message":"Starting emulators: functions"}}
[debug] [2026-03-07T19:49:21.186Z] [logging] Logging Emulator only supports listening on one address (127.0.0.1). Not listening on ::1
[debug] [2026-03-07T19:49:21.186Z] assigned listening specs for emulators {"user":{"hub":[{"address":"127.0.0.1","family":"IPv4","port":4400},{"address":"::1","family":"IPv6","port":4400}],"ui":[{"address":"127.0.0.1","family":"IPv4","port":4000},{"address":"::1","family":"IPv6","port":4000}],"logging":[{"address":"127.0.0.1","family":"IPv4","port":4500}]},"metadata":{"message":"assigned listening specs for emulators"}}
[debug] [2026-03-07T19:49:21.192Z] Write emulator hub locator at C:\Users\lijin\AppData\Local\Temp\hub-hack-canada-2026-b2c76.json
[debug] [2026-03-07T19:49:21.218Z] [functions] Functions Emulator only supports listening on one address (127.0.0.1). Not listening on ::1
[debug] [2026-03-07T19:49:21.219Z] [eventarc] Eventarc Emulator only supports listening on one address (127.0.0.1). Not listening on ::1
[debug] [2026-03-07T19:49:21.219Z] [tasks] Cloud Tasks Emulator only supports listening on one address (127.0.0.1). Not listening on ::1
[debug] [2026-03-07T19:49:21.219Z] late-assigned ports for functions and eventarc emulators {"user":{"hub":[{"address":"127.0.0.1","family":"IPv4","port":4400},{"address":"::1","family":"IPv6","port":4400}],"ui":[{"address":"127.0.0.1","family":"IPv4","port":4000},{"address":"::1","family":"IPv6","port":4000}],"logging":[{"address":"127.0.0.1","family":"IPv4","port":4500}],"functions":[{"address":"127.0.0.1","family":"IPv4","port":5001}],"eventarc":[{"address":"127.0.0.1","family":"IPv4","port":9299}],"tasks":[{"address":"127.0.0.1","family":"IPv4","port":9499}]},"metadata":{"message":"late-assigned ports for functions and eventarc emulators"}}
[warn] !  functions: The following emulators are not running, calls to these services from the Functions emulator will affect production: apphosting, auth, firestore, database, hosting, pubsub, storage, dataconnect {"metadata":{"emulator":{"name":"functions"},"message":"The following emulators are not running, calls to these services from the Functions emulator will affect production: \u001b[1mapphosting, auth, firestore, database, hosting, pubsub, storage, dataconnect\u001b[22m"}}
[debug] [2026-03-07T19:49:21.441Z] defaultcredentials: writing to file C:\Users\lijin\AppData\Roaming\firebase\justinnova0915_gmail_com_application_default_credentials.json
[debug] [2026-03-07T19:49:21.443Z] Setting GAC to C:\Users\lijin\AppData\Roaming\firebase\justinnova0915_gmail_com_application_default_credentials.json {"metadata":{"emulator":{"name":"functions"},"message":"Setting GAC to C:\\Users\\lijin\\AppData\\Roaming\\firebase\\justinnova0915_gmail_com_application_default_credentials.json"}}
[debug] [2026-03-07T19:49:21.444Z] Checked if tokens are valid: false, expires at: 1772913378250
[debug] [2026-03-07T19:49:21.444Z] Checked if tokens are valid: false, expires at: 1772913378250
[debug] [2026-03-07T19:49:21.444Z] > refreshing access token with scopes: []
[debug] [2026-03-07T19:49:21.446Z] >>> [apiv2][query] POST https://www.googleapis.com/oauth2/v3/token [none]
[debug] [2026-03-07T19:49:21.446Z] >>> [apiv2][body] POST https://www.googleapis.com/oauth2/v3/token [omitted]
[debug] [2026-03-07T19:49:21.839Z] <<< [apiv2][status] POST https://www.googleapis.com/oauth2/v3/token 200
[debug] [2026-03-07T19:49:21.840Z] <<< [apiv2][body] POST https://www.googleapis.com/oauth2/v3/token [omitted]
[debug] [2026-03-07T19:49:21.849Z] >>> [apiv2][query] GET https://firebase.googleapis.com/v1beta1/projects/hack-canada-2026-b2c76/adminSdkConfig [none]
[debug] [2026-03-07T19:49:22.639Z] <<< [apiv2][status] GET https://firebase.googleapis.com/v1beta1/projects/hack-canada-2026-b2c76/adminSdkConfig 200
[debug] [2026-03-07T19:49:22.639Z] <<< [apiv2][body] GET https://firebase.googleapis.com/v1beta1/projects/hack-canada-2026-b2c76/adminSdkConfig {"projectId":"hack-canada-2026-b2c76","storageBucket":"hack-canada-2026-b2c76.firebasestorage.app"}
[info] i  ui: downloading ui-v1.15.0.zip... {"metadata":{"emulator":{"name":"ui"},"message":"downloading ui-v1.15.0.zip..."}}
[debug] [2026-03-07T19:49:22.672Z] >>> [apiv2][query] GET https://storage.googleapis.com/firebase-preview-drop/emulator/ui-v1.15.0.zip 
[debug] [2026-03-07T19:49:23.074Z] <<< [apiv2][status] GET https://storage.googleapis.com/firebase-preview-drop/emulator/ui-v1.15.0.zip 200
[debug] [2026-03-07T19:49:23.074Z] <<< [apiv2][body] GET https://storage.googleapis.com/firebase-preview-drop/emulator/ui-v1.15.0.zip [stream]
[debug] [2026-03-07T19:49:40.793Z] Data is 3538469
[debug] [2026-03-07T19:49:40.793Z] [unzip] Entry: client/ (compressed_size=0 bytes, uncompressed_size=0 bytes)
[debug] [2026-03-07T19:49:40.793Z] [unzip] Processing entry: client\
[debug] [2026-03-07T19:49:40.793Z] [unzip] mkdir: C:\Users\lijin\.cache\firebase\emulators\ui-v1.15.0\client\
[debug] [2026-03-07T19:49:40.794Z] [unzip] Entry: client/favicon-16x16.png (compressed_size=293 bytes, uncompressed_size=293 bytes)
[debug] [2026-03-07T19:49:40.795Z] [unzip] Processing entry: client\favicon-16x16.png
[debug] [2026-03-07T19:49:40.795Z] [unzip] else mkdir: C:\Users\lijin\.cache\firebase\emulators\ui-v1.15.0\client
[debug] [2026-03-07T19:49:40.795Z] [unzip] Writing file: C:\Users\lijin\.cache\firebase\emulators\ui-v1.15.0\client\favicon-16x16.png
[debug] [2026-03-07T19:49:40.796Z] [unzip] Entry: client/safari-pinned-tab.svg (compressed_size=1433 bytes, uncompressed_size=2611 bytes)
[debug] [2026-03-07T19:49:40.797Z] [unzip] Processing entry: client\safari-pinned-tab.svg
[debug] [2026-03-07T19:49:40.797Z] [unzip] else mkdir: C:\Users\lijin\.cache\firebase\emulators\ui-v1.15.0\client
[debug] [2026-03-07T19:49:40.797Z] [unzip] deflating: C:\Users\lijin\.cache\firebase\emulators\ui-v1.15.0\client\safari-pinned-tab.svg
[debug] [2026-03-07T19:49:40.801Z] [unzip] Entry: client/favicon.ico (compressed_size=2933 bytes, uncompressed_size=13294 bytes)
[debug] [2026-03-07T19:49:40.801Z] [unzip] Processing entry: client\favicon.ico
[debug] [2026-03-07T19:49:40.801Z] [unzip] else mkdir: C:\Users\lijin\.cache\firebase\emulators\ui-v1.15.0\client
[debug] [2026-03-07T19:49:40.801Z] [unzip] deflating: C:\Users\lijin\.cache\firebase\emulators\ui-v1.15.0\client\favicon.ico
[debug] [2026-03-07T19:49:40.803Z] [unzip] Entry: client/index.html (compressed_size=1364 bytes, uncompressed_size=3071 bytes)
[debug] [2026-03-07T19:49:40.803Z] [unzip] Processing entry: client\index.html
[debug] [2026-03-07T19:49:40.803Z] [unzip] else mkdir: C:\Users\lijin\.cache\firebase\emulators\ui-v1.15.0\client
[debug] [2026-03-07T19:49:40.804Z] [unzip] deflating: C:\Users\lijin\.cache\firebase\emulators\ui-v1.15.0\client\index.html
[debug] [2026-03-07T19:49:40.805Z] [unzip] Entry: client/android-chrome-192x192.png (compressed_size=2684 bytes, uncompressed_size=2684 bytes)
[debug] [2026-03-07T19:49:40.805Z] [unzip] Processing entry: client\android-chrome-192x192.png
[debug] [2026-03-07T19:49:40.805Z] [unzip] else mkdir: C:\Users\lijin\.cache\firebase\emulators\ui-v1.15.0\client
[debug] [2026-03-07T19:49:40.806Z] [unzip] Writing file: C:\Users\lijin\.cache\firebase\emulators\ui-v1.15.0\client\android-chrome-192x192.png
[debug] [2026-03-07T19:49:40.807Z] [unzip] Entry: client/apple-touch-icon.png (compressed_size=2123 bytes, uncompressed_size=2152 bytes)
[debug] [2026-03-07T19:49:40.807Z] [unzip] Processing entry: client\apple-touch-icon.png
[debug] [2026-03-07T19:49:40.807Z] [unzip] else mkdir: C:\Users\lijin\.cache\firebase\emulators\ui-v1.15.0\client
[debug] [2026-03-07T19:49:40.807Z] [unzip] deflating: C:\Users\lijin\.cache\firebase\emulators\ui-v1.15.0\client\apple-touch-icon.png
[debug] [2026-03-07T19:49:40.809Z] [unzip] Entry: client/android-chrome-512x512.png (compressed_size=5369 bytes, uncompressed_size=5411 bytes)
[debug] [2026-03-07T19:49:40.809Z] [unzip] Processing entry: client\android-chrome-512x512.png
[debug] [2026-03-07T19:49:40.809Z] [unzip] else mkdir: C:\Users\lijin\.cache\firebase\emulators\ui-v1.15.0\client
[debug] [2026-03-07T19:49:40.810Z] [unzip] deflating: C:\Users\lijin\.cache\firebase\emulators\ui-v1.15.0\client\android-chrome-512x512.png
[debug] [2026-03-07T19:49:40.811Z] [unzip] Entry: client/manifest.json (compressed_size=245 bytes, uncompressed_size=551 bytes)
[debug] [2026-03-07T19:49:40.811Z] [unzip] Processing entry: client\manifest.json
[debug] [2026-03-07T19:49:40.811Z] [unzip] else mkdir: C:\Users\lijin\.cache\firebase\emulators\ui-v1.15.0\client
[debug] [2026-03-07T19:49:40.811Z] [unzip] deflating: C:\Users\lijin\.cache\firebase\emulators\ui-v1.15.0\client\manifest.json
[debug] [2026-03-07T19:49:40.813Z] [unzip] Entry: client/robots.txt (compressed_size=26 bytes, uncompressed_size=26 bytes)
[debug] [2026-03-07T19:49:40.813Z] [unzip] Processing entry: client\robots.txt
[debug] [2026-03-07T19:49:40.813Z] [unzip] else mkdir: C:\Users\lijin\.cache\firebase\emulators\ui-v1.15.0\client
[debug] [2026-03-07T19:49:40.813Z] [unzip] Writing file: C:\Users\lijin\.cache\firebase\emulators\ui-v1.15.0\client\robots.txt
[debug] [2026-03-07T19:49:40.814Z] [unzip] Entry: client/mstile-150x150.png (compressed_size=2034 bytes, uncompressed_size=2034 bytes)
[debug] [2026-03-07T19:49:40.814Z] [unzip] Processing entry: client\mstile-150x150.png
[debug] [2026-03-07T19:49:40.814Z] [unzip] else mkdir: C:\Users\lijin\.cache\firebase\emulators\ui-v1.15.0\client
[debug] [2026-03-07T19:49:40.815Z] [unzip] Writing file: C:\Users\lijin\.cache\firebase\emulators\ui-v1.15.0\client\mstile-150x150.png
[debug] [2026-03-07T19:49:40.816Z] [unzip] Entry: client/assets/ (compressed_size=0 bytes, uncompressed_size=0 bytes)
[debug] [2026-03-07T19:49:40.816Z] [unzip] Processing entry: client\assets\
[debug] [2026-03-07T19:49:40.816Z] [unzip] mkdir: C:\Users\lijin\.cache\firebase\emulators\ui-v1.15.0\client\assets\
[debug] [2026-03-07T19:49:40.816Z] [unzip] Entry: client/assets/index-BX-A56oj.js (compressed_size=582089 bytes, uncompressed_size=2092775 bytes)
[debug] [2026-03-07T19:49:40.816Z] [unzip] Processing entry: client\assets\index-BX-A56oj.js
[debug] [2026-03-07T19:49:40.816Z] [unzip] else mkdir: C:\Users\lijin\.cache\firebase\emulators\ui-v1.15.0\client\assets
[debug] [2026-03-07T19:49:40.817Z] [unzip] deflating: C:\Users\lijin\.cache\firebase\emulators\ui-v1.15.0\client\assets\index-BX-A56oj.js
[debug] [2026-03-07T19:49:40.828Z] [unzip] Entry: client/assets/index-CjB9C900.css (compressed_size=35979 bytes, uncompressed_size=298654 bytes)
[debug] [2026-03-07T19:49:40.828Z] [unzip] Processing entry: client\assets\index-CjB9C900.css
[debug] [2026-03-07T19:49:40.828Z] [unzip] else mkdir: C:\Users\lijin\.cache\firebase\emulators\ui-v1.15.0\client\assets
[debug] [2026-03-07T19:49:40.828Z] [unzip] deflating: C:\Users\lijin\.cache\firebase\emulators\ui-v1.15.0\client\assets\index-CjB9C900.css
[debug] [2026-03-07T19:49:40.831Z] [unzip] Entry: client/assets/index-BX-A56oj.js.map (compressed_size=2362482 bytes, uncompressed_size=10036679 bytes)
[debug] [2026-03-07T19:49:40.831Z] [unzip] Processing entry: client\assets\index-BX-A56oj.js.map
[debug] [2026-03-07T19:49:40.831Z] [unzip] else mkdir: C:\Users\lijin\.cache\firebase\emulators\ui-v1.15.0\client\assets
[debug] [2026-03-07T19:49:40.832Z] [unzip] deflating: C:\Users\lijin\.cache\firebase\emulators\ui-v1.15.0\client\assets\index-BX-A56oj.js.map
[debug] [2026-03-07T19:49:40.887Z] [unzip] Entry: client/assets/extensions/ (compressed_size=0 bytes, uncompressed_size=0 bytes)
[debug] [2026-03-07T19:49:40.887Z] [unzip] Processing entry: client\assets\extensions\
[debug] [2026-03-07T19:49:40.887Z] [unzip] mkdir: C:\Users\lijin\.cache\firebase\emulators\ui-v1.15.0\client\assets\extensions\
[debug] [2026-03-07T19:49:40.888Z] [unzip] Entry: client/assets/extensions/default-extension.png (compressed_size=1646 bytes, uncompressed_size=1657 bytes)
[debug] [2026-03-07T19:49:40.888Z] [unzip] Processing entry: client\assets\extensions\default-extension.png
[debug] [2026-03-07T19:49:40.888Z] [unzip] else mkdir: C:\Users\lijin\.cache\firebase\emulators\ui-v1.15.0\client\assets\extensions
[debug] [2026-03-07T19:49:40.889Z] [unzip] deflating: C:\Users\lijin\.cache\firebase\emulators\ui-v1.15.0\client\assets\extensions\default-extension.png
[debug] [2026-03-07T19:49:40.890Z] [unzip] Entry: client/assets/img/ (compressed_size=0 bytes, uncompressed_size=0 bytes)
[debug] [2026-03-07T19:49:40.890Z] [unzip] Processing entry: client\assets\img\
[debug] [2026-03-07T19:49:40.890Z] [unzip] mkdir: C:\Users\lijin\.cache\firebase\emulators\ui-v1.15.0\client\assets\img\
[debug] [2026-03-07T19:49:40.891Z] [unzip] Entry: client/assets/img/database.png (compressed_size=29449 bytes, uncompressed_size=29988 bytes)
[debug] [2026-03-07T19:49:40.891Z] [unzip] Processing entry: client\assets\img\database.png
[debug] [2026-03-07T19:49:40.891Z] [unzip] else mkdir: C:\Users\lijin\.cache\firebase\emulators\ui-v1.15.0\client\assets\img
[debug] [2026-03-07T19:49:40.891Z] [unzip] deflating: C:\Users\lijin\.cache\firebase\emulators\ui-v1.15.0\client\assets\img\database.png
[debug] [2026-03-07T19:49:40.893Z] [unzip] Entry: client/assets/provider-icons/ (compressed_size=0 bytes, uncompressed_size=0 bytes)
[debug] [2026-03-07T19:49:40.893Z] [unzip] Processing entry: client\assets\provider-icons\
[debug] [2026-03-07T19:49:40.893Z] [unzip] mkdir: C:\Users\lijin\.cache\firebase\emulators\ui-v1.15.0\client\assets\provider-icons\
[debug] [2026-03-07T19:49:40.894Z] [unzip] Entry: client/assets/provider-icons/auth_service_saml.svg (compressed_size=575 bytes, uncompressed_size=1226 bytes)
[debug] [2026-03-07T19:49:40.894Z] [unzip] Processing entry: client\assets\provider-icons\auth_service_saml.svg
[debug] [2026-03-07T19:49:40.894Z] [unzip] else mkdir: C:\Users\lijin\.cache\firebase\emulators\ui-v1.15.0\client\assets\provider-icons
[debug] [2026-03-07T19:49:40.894Z] [unzip] deflating: C:\Users\lijin\.cache\firebase\emulators\ui-v1.15.0\client\assets\provider-icons\auth_service_saml.svg
[debug] [2026-03-07T19:49:40.895Z] [unzip] Entry: client/assets/provider-icons/auth_service_phone.svg (compressed_size=261 bytes, uncompressed_size=414 bytes)
[debug] [2026-03-07T19:49:40.895Z] [unzip] Processing entry: client\assets\provider-icons\auth_service_phone.svg
[debug] [2026-03-07T19:49:40.895Z] [unzip] else mkdir: C:\Users\lijin\.cache\firebase\emulators\ui-v1.15.0\client\assets\provider-icons
[debug] [2026-03-07T19:49:40.896Z] [unzip] deflating: C:\Users\lijin\.cache\firebase\emulators\ui-v1.15.0\client\assets\provider-icons\auth_service_phone.svg
[debug] [2026-03-07T19:49:40.897Z] [unzip] Entry: client/assets/provider-icons/auth_service_facebook.svg (compressed_size=289 bytes, uncompressed_size=457 bytes)
[debug] [2026-03-07T19:49:40.897Z] [unzip] Processing entry: client\assets\provider-icons\auth_service_facebook.svg
[debug] [2026-03-07T19:49:40.897Z] [unzip] else mkdir: C:\Users\lijin\.cache\firebase\emulators\ui-v1.15.0\client\assets\provider-icons
[debug] [2026-03-07T19:49:40.897Z] [unzip] deflating: C:\Users\lijin\.cache\firebase\emulators\ui-v1.15.0\client\assets\provider-icons\auth_service_facebook.svg
[debug] [2026-03-07T19:49:40.899Z] [unzip] Entry: client/assets/provider-icons/auth_service_game_center.svg (compressed_size=991 bytes, uncompressed_size=3921 bytes)
[debug] [2026-03-07T19:49:40.899Z] [unzip] Processing entry: client\assets\provider-icons\auth_service_game_center.svg
[debug] [2026-03-07T19:49:40.899Z] [unzip] else mkdir: C:\Users\lijin\.cache\firebase\emulators\ui-v1.15.0\client\assets\provider-icons
[debug] [2026-03-07T19:49:40.900Z] [unzip] deflating: C:\Users\lijin\.cache\firebase\emulators\ui-v1.15.0\client\assets\provider-icons\auth_service_game_center.svg
[debug] [2026-03-07T19:49:40.901Z] [unzip] Entry: client/assets/provider-icons/auth_service_apple.svg (compressed_size=230 bytes, uncompressed_size=334 bytes)
[debug] [2026-03-07T19:49:40.901Z] [unzip] Processing entry: client\assets\provider-icons\auth_service_apple.svg
[debug] [2026-03-07T19:49:40.901Z] [unzip] else mkdir: C:\Users\lijin\.cache\firebase\emulators\ui-v1.15.0\client\assets\provider-icons
[debug] [2026-03-07T19:49:40.901Z] [unzip] deflating: C:\Users\lijin\.cache\firebase\emulators\ui-v1.15.0\client\assets\provider-icons\auth_service_apple.svg
[debug] [2026-03-07T19:49:40.903Z] [unzip] Entry: client/assets/provider-icons/auth_service_github.svg (compressed_size=466 bytes, uncompressed_size=838 bytes)
[debug] [2026-03-07T19:49:40.903Z] [unzip] Processing entry: client\assets\provider-icons\auth_service_github.svg
[debug] [2026-03-07T19:49:40.903Z] [unzip] else mkdir: C:\Users\lijin\.cache\firebase\emulators\ui-v1.15.0\client\assets\provider-icons
[debug] [2026-03-07T19:49:40.903Z] [unzip] deflating: C:\Users\lijin\.cache\firebase\emulators\ui-v1.15.0\client\assets\provider-icons\auth_service_github.svg
[debug] [2026-03-07T19:49:40.904Z] [unzip] Entry: client/assets/provider-icons/auth_service_mslive.svg (compressed_size=203 bytes, uncompressed_size=378 bytes)
[debug] [2026-03-07T19:49:40.905Z] [unzip] Processing entry: client\assets\provider-icons\auth_service_mslive.svg
[debug] [2026-03-07T19:49:40.905Z] [unzip] else mkdir: C:\Users\lijin\.cache\firebase\emulators\ui-v1.15.0\client\assets\provider-icons
[debug] [2026-03-07T19:49:40.905Z] [unzip] deflating: C:\Users\lijin\.cache\firebase\emulators\ui-v1.15.0\client\assets\provider-icons\auth_service_mslive.svg
[debug] [2026-03-07T19:49:40.907Z] [unzip] Entry: client/assets/provider-icons/auth_service_yahoo.svg (compressed_size=577 bytes, uncompressed_size=1182 bytes)
[debug] [2026-03-07T19:49:40.907Z] [unzip] Processing entry: client\assets\provider-icons\auth_service_yahoo.svg
[debug] [2026-03-07T19:49:40.907Z] [unzip] else mkdir: C:\Users\lijin\.cache\firebase\emulators\ui-v1.15.0\client\assets\provider-icons
[debug] [2026-03-07T19:49:40.907Z] [unzip] deflating: C:\Users\lijin\.cache\firebase\emulators\ui-v1.15.0\client\assets\provider-icons\auth_service_yahoo.svg
[debug] [2026-03-07T19:49:40.908Z] [unzip] Entry: client/assets/provider-icons/auth_service_twitter.svg (compressed_size=444 bytes, uncompressed_size=751 bytes)
[debug] [2026-03-07T19:49:40.908Z] [unzip] Processing entry: client\assets\provider-icons\auth_service_twitter.svg
[debug] [2026-03-07T19:49:40.908Z] [unzip] else mkdir: C:\Users\lijin\.cache\firebase\emulators\ui-v1.15.0\client\assets\provider-icons
[debug] [2026-03-07T19:49:40.909Z] [unzip] deflating: C:\Users\lijin\.cache\firebase\emulators\ui-v1.15.0\client\assets\provider-icons\auth_service_twitter.svg
[debug] [2026-03-07T19:49:40.910Z] [unzip] Entry: client/assets/provider-icons/auth_service_play_games.svg (compressed_size=565 bytes, uncompressed_size=1173 bytes)
[debug] [2026-03-07T19:49:40.910Z] [unzip] Processing entry: client\assets\provider-icons\auth_service_play_games.svg
[debug] [2026-03-07T19:49:40.910Z] [unzip] else mkdir: C:\Users\lijin\.cache\firebase\emulators\ui-v1.15.0\client\assets\provider-icons
[debug] [2026-03-07T19:49:40.910Z] [unzip] deflating: C:\Users\lijin\.cache\firebase\emulators\ui-v1.15.0\client\assets\provider-icons\auth_service_play_games.svg
[debug] [2026-03-07T19:49:40.911Z] [unzip] Entry: client/assets/provider-icons/auth_service_email.svg (compressed_size=228 bytes, uncompressed_size=326 bytes)
[debug] [2026-03-07T19:49:40.912Z] [unzip] Processing entry: client\assets\provider-icons\auth_service_email.svg
[debug] [2026-03-07T19:49:40.912Z] [unzip] else mkdir: C:\Users\lijin\.cache\firebase\emulators\ui-v1.15.0\client\assets\provider-icons
[debug] [2026-03-07T19:49:40.912Z] [unzip] deflating: C:\Users\lijin\.cache\firebase\emulators\ui-v1.15.0\client\assets\provider-icons\auth_service_email.svg
[debug] [2026-03-07T19:49:40.913Z] [unzip] Entry: client/assets/provider-icons/auth_service_google.svg (compressed_size=409 bytes, uncompressed_size=720 bytes)
[debug] [2026-03-07T19:49:40.913Z] [unzip] Processing entry: client\assets\provider-icons\auth_service_google.svg
[debug] [2026-03-07T19:49:40.913Z] [unzip] else mkdir: C:\Users\lijin\.cache\firebase\emulators\ui-v1.15.0\client\assets\provider-icons
[debug] [2026-03-07T19:49:40.914Z] [unzip] deflating: C:\Users\lijin\.cache\firebase\emulators\ui-v1.15.0\client\assets\provider-icons\auth_service_google.svg
[debug] [2026-03-07T19:49:40.915Z] [unzip] Entry: client/assets/provider-icons/auth_service_oidc.svg (compressed_size=414 bytes, uncompressed_size=858 bytes)
[debug] [2026-03-07T19:49:40.915Z] [unzip] Processing entry: client\assets\provider-icons\auth_service_oidc.svg
[debug] [2026-03-07T19:49:40.915Z] [unzip] else mkdir: C:\Users\lijin\.cache\firebase\emulators\ui-v1.15.0\client\assets\provider-icons
[debug] [2026-03-07T19:49:40.915Z] [unzip] deflating: C:\Users\lijin\.cache\firebase\emulators\ui-v1.15.0\client\assets\provider-icons\auth_service_oidc.svg
[debug] [2026-03-07T19:49:40.916Z] [unzip] Entry: client/browserconfig.xml (compressed_size=491 bytes, uncompressed_size=822 bytes)
[debug] [2026-03-07T19:49:40.917Z] [unzip] Processing entry: client\browserconfig.xml
[debug] [2026-03-07T19:49:40.917Z] [unzip] else mkdir: C:\Users\lijin\.cache\firebase\emulators\ui-v1.15.0\client
[debug] [2026-03-07T19:49:40.917Z] [unzip] deflating: C:\Users\lijin\.cache\firebase\emulators\ui-v1.15.0\client\browserconfig.xml
[debug] [2026-03-07T19:49:40.918Z] [unzip] Entry: client/favicon-32x32.png (compressed_size=475 bytes, uncompressed_size=475 bytes)
[debug] [2026-03-07T19:49:40.918Z] [unzip] Processing entry: client\favicon-32x32.png
[debug] [2026-03-07T19:49:40.918Z] [unzip] else mkdir: C:\Users\lijin\.cache\firebase\emulators\ui-v1.15.0\client
[debug] [2026-03-07T19:49:40.919Z] [unzip] Writing file: C:\Users\lijin\.cache\firebase\emulators\ui-v1.15.0\client\favicon-32x32.png
[debug] [2026-03-07T19:49:40.920Z] [unzip] Entry: server/ (compressed_size=0 bytes, uncompressed_size=0 bytes)
[debug] [2026-03-07T19:49:40.920Z] [unzip] Processing entry: server\
[debug] [2026-03-07T19:49:40.920Z] [unzip] mkdir: C:\Users\lijin\.cache\firebase\emulators\ui-v1.15.0\server\
[debug] [2026-03-07T19:49:40.920Z] [unzip] Entry: server/server.mjs.map (compressed_size=217845 bytes, uncompressed_size=944978 bytes)
[debug] [2026-03-07T19:49:40.921Z] [unzip] Processing entry: server\server.mjs.map
[debug] [2026-03-07T19:49:40.921Z] [unzip] else mkdir: C:\Users\lijin\.cache\firebase\emulators\ui-v1.15.0\server
[debug] [2026-03-07T19:49:40.921Z] [unzip] deflating: C:\Users\lijin\.cache\firebase\emulators\ui-v1.15.0\server\server.mjs.map
[debug] [2026-03-07T19:49:40.926Z] [unzip] Entry: server/server.mjs (compressed_size=276407 bytes, uncompressed_size=933701 bytes)
[debug] [2026-03-07T19:49:40.926Z] [unzip] Processing entry: server\server.mjs
[debug] [2026-03-07T19:49:40.926Z] [unzip] else mkdir: C:\Users\lijin\.cache\firebase\emulators\ui-v1.15.0\server
[debug] [2026-03-07T19:49:40.926Z] [unzip] deflating: C:\Users\lijin\.cache\firebase\emulators\ui-v1.15.0\server\server.mjs
[info] i  functions: Watching "D:\Lijing\Documents\hack-canada-2026\functions" for Cloud Functions... {"metadata":{"emulator":{"name":"functions"},"message":"Watching \"D:\\Lijing\\Documents\\hack-canada-2026\\functions\" for Cloud Functions..."}}
[debug] [2026-03-07T19:49:40.942Z] Validating nodejs source
[debug] [2026-03-07T19:49:42.546Z] > [functions] package.json contents: {
  "name": "functions",
  "description": "Cloud Functions for Firebase",
  "scripts": {
    "serve": "firebase emulators:start --only functions",
    "shell": "firebase functions:shell",
    "start": "npm run shell",
    "deploy": "firebase deploy --only functions",
    "logs": "firebase functions:log"
  },
  "engines": {
    "node": "24"
  },
  "main": "index.js",
  "dependencies": {
    "@google/generative-ai": "^0.24.1",
    "cors": "^2.8.6",
    "dotenv": "^17.3.1",
    "express": "^5.2.1",
    "firebase-admin": "^13.6.0",
    "firebase-functions": "^7.0.0",
    "multer": "^2.1.1",
    "node-geocoder": "^4.4.1"
  },
  "devDependencies": {
    "firebase-functions-test": "^3.4.1"
  },
  "private": true
}
[debug] [2026-03-07T19:49:42.546Z] Building nodejs source
[debug] [2026-03-07T19:49:42.547Z] Failed to find version of module node: reached end of search path D:\Lijing\Documents\hack-canada-2026\functions\node_modules
[warn] !  functions: Your requested "node" version "24" doesn't match your global version "22". Using node@22 from host. 
[info] i  functions: Loaded environment variables from .env. 
[debug] [2026-03-07T19:49:42.551Z] Could not find functions.yaml. Must use http discovery
[debug] [2026-03-07T19:49:42.557Z] Found firebase-functions binary at 'D:\Lijing\Documents\hack-canada-2026\functions\node_modules\.bin\firebase-functions'
[info] Serving at port 8423

[info] [dotenv@17.3.1] injecting env (1) from .env -- tip: ⚙️  override existing env vars with { override: true }

[debug] [2026-03-07T19:49:44.009Z] Got response from /__/functions.yaml {"endpoints":{"api":{"availableMemoryMb":1024,"timeoutSeconds":300,"minInstances":null,"maxInstances":null,"ingressSettings":null,"concurrency":null,"serviceAccountEmail":null,"vpc":null,"platform":"gcfv2","labels":{},"httpsTrigger":{},"entryPoint":"api"}},"specVersion":"v1alpha1","requiredAPIs":[],"extensions":{}}
[info] +  functions: Loaded functions definitions from source: api. {"metadata":{"emulator":{"name":"functions"},"message":"Loaded functions definitions from source: api."}}
[info] +  functions[us-central1-api]: http function initialized (http://127.0.0.1:5001/hack-canada-2026-b2c76/us-central1/api). {"metadata":{"emulator":{"name":"functions"},"message":"\u001b[1mhttp\u001b[22m function initialized (http://127.0.0.1:5001/hack-canada-2026-b2c76/us-central1/api)."}}
[debug] [2026-03-07T19:49:48.055Z] Could not find VSCode notification endpoint: FetchError: request to http://localhost:40001/vscode/notify failed, reason: . If you are not running the Firebase Data Connect VSCode extension, this is expected and not an issue.
[info] 
┌─────────────────────────────────────────────────────────────┐
│ ✔  All emulators ready! It is now safe to connect your app. │
│ i  View Emulator UI at http://127.0.0.1:4000/               │
└─────────────────────────────────────────────────────────────┘

┌───────────┬────────────────┬─────────────────────────────────┐
│ Emulator  │ Host:Port      │ View in Emulator UI             │
├───────────┼────────────────┼─────────────────────────────────┤
│ Functions │ 127.0.0.1:5001 │ http://127.0.0.1:4000/functions │
└───────────┴────────────────┴─────────────────────────────────┘
  Emulator Hub host: 127.0.0.1 port: 4400
  Other reserved ports: 4500

Issues? Report them at https://github.com/firebase/firebase-tools/issues and attach the *-debug.log files.
 
[debug] [2026-03-07T19:51:28.143Z] [work-queue] {"queuedWork":["/hack-canada-2026-b2c76/us-central1/api/api/health-2026-03-07T19:51:28.143Z"],"queueLength":1,"runningWork":[],"workRunningCount":0}
[debug] [2026-03-07T19:51:28.143Z] [work-queue] {"queuedWork":[],"queueLength":0,"runningWork":["/hack-canada-2026-b2c76/us-central1/api/api/health-2026-03-07T19:51:28.143Z"],"workRunningCount":1}
[debug] [2026-03-07T19:51:28.143Z] Accepted request GET /hack-canada-2026-b2c76/us-central1/api/api/health --> us-central1-api
[debug] [2026-03-07T19:51:28.145Z] [functions] Runtime ready! Sending request! {"metadata":{"emulator":{"name":"functions"},"message":"[functions] Runtime ready! Sending request!"}}
[debug] [2026-03-07T19:51:28.146Z] [functions] Got req.url=/hack-canada-2026-b2c76/us-central1/api/api/health, mapping to path=/api/health {"metadata":{"emulator":{"name":"functions"},"message":"[functions] Got req.url=/hack-canada-2026-b2c76/us-central1/api/api/health, mapping to path=/api/health"}}
[info] i  functions: Loaded environment variables from .env. 
[debug] [2026-03-07T19:51:28.157Z] [worker-pool] addWorker(us-central1-api) {"metadata":{"emulator":{"name":"functions"},"message":"[worker-pool] addWorker(us-central1-api)"}}
[debug] [2026-03-07T19:51:28.157Z] [worker-pool] Adding worker with key us-central1-api, total=1 {"metadata":{"emulator":{"name":"functions"},"message":"[worker-pool] Adding worker with key us-central1-api, total=1"}}
[debug] [2026-03-07T19:51:30.224Z] [runtime-status] [40892] Resolved module firebase-admin {"declared":true,"installed":true,"version":"13.7.0","resolution":"D:\\Lijing\\Documents\\hack-canada-2026\\functions\\node_modules\\firebase-admin\\lib\\index.js"} {"metadata":{"emulator":{"name":"functions"},"function":{"name":"us-central1-api"},"extension":{},"message":"[runtime-status] [40892] Resolved module firebase-admin {\"declared\":true,\"installed\":true,\"version\":\"13.7.0\",\"resolution\":\"D:\\\\Lijing\\\\Documents\\\\hack-canada-2026\\\\functions\\\\node_modules\\\\firebase-admin\\\\lib\\\\index.js\"}"}}
[debug] [2026-03-07T19:51:30.226Z] [runtime-status] [40892] Resolved module firebase-functions {"declared":true,"installed":true,"version":"7.1.0","resolution":"D:\\Lijing\\Documents\\hack-canada-2026\\functions\\node_modules\\firebase-functions\\lib\\v2\\index.js"} {"metadata":{"emulator":{"name":"functions"},"function":{"name":"us-central1-api"},"extension":{},"message":"[runtime-status] [40892] Resolved module firebase-functions {\"declared\":true,\"installed\":true,\"version\":\"7.1.0\",\"resolution\":\"D:\\\\Lijing\\\\Documents\\\\hack-canada-2026\\\\functions\\\\node_modules\\\\firebase-functions\\\\lib\\\\v2\\\\index.js\"}"}}
[debug] [2026-03-07T19:51:30.226Z] [runtime-status] [40892] Outgoing network have been stubbed. [{"name":"http","status":"mocked"},{"name":"http","status":"mocked"},{"name":"https","status":"mocked"},{"name":"https","status":"mocked"},{"name":"net","status":"mocked"}] {"metadata":{"emulator":{"name":"functions"},"function":{"name":"us-central1-api"},"extension":{},"message":"[runtime-status] [40892] Outgoing network have been stubbed. [{\"name\":\"http\",\"status\":\"mocked\"},{\"name\":\"http\",\"status\":\"mocked\"},{\"name\":\"https\",\"status\":\"mocked\"},{\"name\":\"https\",\"status\":\"mocked\"},{\"name\":\"net\",\"status\":\"mocked\"}]"}}
[debug] [2026-03-07T19:51:30.227Z] [runtime-status] [40892] Resolved module firebase-functions {"declared":true,"installed":true,"version":"7.1.0","resolution":"D:\\Lijing\\Documents\\hack-canada-2026\\functions\\node_modules\\firebase-functions\\lib\\v2\\index.js"} {"metadata":{"emulator":{"name":"functions"},"function":{"name":"us-central1-api"},"extension":{},"message":"[runtime-status] [40892] Resolved module firebase-functions {\"declared\":true,\"installed\":true,\"version\":\"7.1.0\",\"resolution\":\"D:\\\\Lijing\\\\Documents\\\\hack-canada-2026\\\\functions\\\\node_modules\\\\firebase-functions\\\\lib\\\\v2\\\\index.js\"}"}}
[debug] [2026-03-07T19:51:30.227Z] [runtime-status] [40892] Detected firebase-functions v7+, skipping legacy stubs. {"metadata":{"emulator":{"name":"functions"},"function":{"name":"us-central1-api"},"extension":{},"message":"[runtime-status] [40892] Detected firebase-functions v7+, skipping legacy stubs."}}
[debug] [2026-03-07T19:51:30.229Z] [runtime-status] [40892] Resolved module firebase-admin {"declared":true,"installed":true,"version":"13.7.0","resolution":"D:\\Lijing\\Documents\\hack-canada-2026\\functions\\node_modules\\firebase-admin\\lib\\index.js"} {"metadata":{"emulator":{"name":"functions"},"function":{"name":"us-central1-api"},"extension":{},"message":"[runtime-status] [40892] Resolved module firebase-admin {\"declared\":true,\"installed\":true,\"version\":\"13.7.0\",\"resolution\":\"D:\\\\Lijing\\\\Documents\\\\hack-canada-2026\\\\functions\\\\node_modules\\\\firebase-admin\\\\lib\\\\index.js\"}"}}
[debug] [2026-03-07T19:51:30.368Z] [runtime-status] [40892] Resolved module firebase-functions {"declared":true,"installed":true,"version":"7.1.0","resolution":"D:\\Lijing\\Documents\\hack-canada-2026\\functions\\node_modules\\firebase-functions\\lib\\v2\\index.js"} {"metadata":{"emulator":{"name":"functions"},"function":{"name":"us-central1-api"},"extension":{},"message":"[runtime-status] [40892] Resolved module firebase-functions {\"declared\":true,\"installed\":true,\"version\":\"7.1.0\",\"resolution\":\"D:\\\\Lijing\\\\Documents\\\\hack-canada-2026\\\\functions\\\\node_modules\\\\firebase-functions\\\\lib\\\\v2\\\\index.js\"}"}}
[debug] [2026-03-07T19:51:31.089Z] [runtime-status] [40892] firebase-admin has been stubbed. {"adminResolution":{"declared":true,"installed":true,"version":"13.7.0","resolution":"D:\\Lijing\\Documents\\hack-canada-2026\\functions\\node_modules\\firebase-admin\\lib\\index.js"}} {"metadata":{"emulator":{"name":"functions"},"function":{"name":"us-central1-api"},"extension":{},"message":"[runtime-status] [40892] firebase-admin has been stubbed. {\"adminResolution\":{\"declared\":true,\"installed\":true,\"version\":\"13.7.0\",\"resolution\":\"D:\\\\Lijing\\\\Documents\\\\hack-canada-2026\\\\functions\\\\node_modules\\\\firebase-admin\\\\lib\\\\index.js\"}}"}}
[info] >  [dotenv@17.3.1] injecting env (0) from .env -- tip: ⚙️  suppress all logs with { quiet: true } {"user":"[dotenv@17.3.1] injecting env (0) from .env -- tip: ⚙️  suppress all logs with { quiet: true }","metadata":{"emulator":{"name":"functions"},"function":{"name":"us-central1-api"},"extension":{},"message":"\u001b[90m> \u001b[39m [dotenv@17.3.1] injecting env (0) from .env -- tip: ⚙️  suppress all logs with { quiet: true }"}}
[debug] [2026-03-07T19:51:31.485Z] [runtime-status] [40892] Functions runtime initialized. {"cwd":"D:\\Lijing\\Documents\\hack-canada-2026\\functions","node_version":"22.14.0"} {"metadata":{"emulator":{"name":"functions"},"function":{"name":"us-central1-api"},"extension":{},"message":"[runtime-status] [40892] Functions runtime initialized. {\"cwd\":\"D:\\\\Lijing\\\\Documents\\\\hack-canada-2026\\\\functions\",\"node_version\":\"22.14.0\"}"}}
[debug] [2026-03-07T19:51:31.486Z] [runtime-status] [40892] Listening to port: \\?\pipe\fire_emu_e9a4b8f691a345c4 {"metadata":{"emulator":{"name":"functions"},"function":{"name":"us-central1-api"},"extension":{},"message":"[runtime-status] [40892] Listening to port: \\\\?\\pipe\\fire_emu_e9a4b8f691a345c4"}}
[debug] [2026-03-07T19:51:31.492Z] [worker-us-central1-api-4837dc0a-1d5d-46f3-9cf2-072b6e87d518]: IDLE {"metadata":{"emulator":{"name":"functions"},"function":{"name":"us-central1-api"},"extension":{},"message":"[worker-us-central1-api-4837dc0a-1d5d-46f3-9cf2-072b6e87d518]: IDLE"}}
[debug] [2026-03-07T19:51:31.493Z] [worker-pool] submitRequest(triggerId=us-central1-api) {"metadata":{"emulator":{"name":"functions"},"message":"[worker-pool] submitRequest(triggerId=us-central1-api)"}}
[info] i  functions: Beginning execution of "us-central1-api" {"metadata":{"emulator":{"name":"functions"},"function":{"name":"us-central1-api"},"extension":{},"message":"Beginning execution of \"us-central1-api\""}}
[debug] [2026-03-07T19:51:31.494Z] [worker-us-central1-api-4837dc0a-1d5d-46f3-9cf2-072b6e87d518]: BUSY {"metadata":{"emulator":{"name":"functions"},"function":{"name":"us-central1-api"},"extension":{},"message":"[worker-us-central1-api-4837dc0a-1d5d-46f3-9cf2-072b6e87d518]: BUSY"}}
[debug] [2026-03-07T19:51:31.501Z] Finishing up request with event=pause {"metadata":{"emulator":{"name":"functions"},"function":{"name":"us-central1-api"},"extension":{},"message":"Finishing up request with event=pause"}}
[info] i  functions: Finished "us-central1-api" in 7.3333ms {"metadata":{"emulator":{"name":"functions"},"function":{"name":"us-central1-api"},"extension":{},"message":"Finished \"us-central1-api\" in 7.3333ms"}}
[debug] [2026-03-07T19:51:31.502Z] [worker-us-central1-api-4837dc0a-1d5d-46f3-9cf2-072b6e87d518]: IDLE {"metadata":{"emulator":{"name":"functions"},"function":{"name":"us-central1-api"},"extension":{},"message":"[worker-us-central1-api-4837dc0a-1d5d-46f3-9cf2-072b6e87d518]: IDLE"}}
[debug] [2026-03-07T19:51:31.502Z] Finishing up request with event=finish {"metadata":{"emulator":{"name":"functions"},"function":{"name":"us-central1-api"},"extension":{},"message":"Finishing up request with event=finish"}}
[debug] [2026-03-07T19:51:31.502Z] Finishing up request with event=close {"metadata":{"emulator":{"name":"functions"},"function":{"name":"us-central1-api"},"extension":{},"message":"Finishing up request with event=close"}}
[debug] [2026-03-07T19:51:31.502Z] [work-queue] {"queuedWork":[],"queueLength":0,"runningWork":[],"workRunningCount":0}
